{"total": {"lines":{"total":47,"covered":47,"skipped":0,"pct":100},"statements":{"total":54,"covered":53,"skipped":0,"pct":98.14},"functions":{"total":8,"covered":8,"skipped":0,"pct":100},"branches":{"total":7,"covered":7,"skipped":0,"pct":100},"branchesTrue":{"total":0,"covered":0,"skipped":0,"pct":100}}
,"/Users/blurton/Documents/big-6-app/src/middleware.ts": {"lines":{"total":16,"covered":16,"skipped":0,"pct":100},"functions":{"total":1,"covered":1,"skipped":0,"pct":100},"statements":{"total":17,"covered":16,"skipped":0,"pct":94.11},"branches":{"total":2,"covered":2,"skipped":0,"pct":100}}
,"/Users/blurton/Documents/big-6-app/src/modules/components/ui/Button/SignInButton/SignInButton.tsx": {"lines":{"total":4,"covered":4,"skipped":0,"pct":100},"functions":{"total":2,"covered":2,"skipped":0,"pct":100},"statements":{"total":5,"covered":5,"skipped":0,"pct":100},"branches":{"total":0,"covered":0,"skipped":0,"pct":100}}
,"/Users/blurton/Documents/big-6-app/src/modules/components/ui/Button/SignOutButton/SignOutButton.tsx": {"lines":{"total":4,"covered":4,"skipped":0,"pct":100},"functions":{"total":2,"covered":2,"skipped":0,"pct":100},"statements":{"total":5,"covered":5,"skipped":0,"pct":100},"branches":{"total":0,"covered":0,"skipped":0,"pct":100}}
,"/Users/blurton/Documents/big-6-app/src/modules/logger/logger.ts": {"lines":{"total":3,"covered":3,"skipped":0,"pct":100},"functions":{"total":0,"covered":0,"skipped":0,"pct":100},"statements":{"total":4,"covered":4,"skipped":0,"pct":100},"branches":{"total":0,"covered":0,"skipped":0,"pct":100}}
,"/Users/blurton/Documents/big-6-app/src/modules/rest/error-handler/ApiErrors.ts": {"lines":{"total":9,"covered":9,"skipped":0,"pct":100},"functions":{"total":1,"covered":1,"skipped":0,"pct":100},"statements":{"total":11,"covered":11,"skipped":0,"pct":100},"branches":{"total":1,"covered":1,"skipped":0,"pct":100}}
,"/Users/blurton/Documents/big-6-app/src/modules/rest/error-handler/ErrorHandler.ts": {"lines":{"total":11,"covered":11,"skipped":0,"pct":100},"functions":{"total":2,"covered":2,"skipped":0,"pct":100},"statements":{"total":12,"covered":12,"skipped":0,"pct":100},"branches":{"total":4,"covered":4,"skipped":0,"pct":100}}
}
